<?xml version='1.0' encoding='utf-8'?>
<testsuite name="DataAggregatorE2ETest" tests="1" failures="0">
  <testcase name="data/e2e-test-e12b922b/source_file_0001.bin" classname="E2EFileValidation" />
</testsuite>